2023-10-20T15:33:08,790 [main] INFO  (BaseTest.java:44) - Opening browser chrome
2023-10-20T15:33:13,522 [main] INFO  (BaseTest.java:50) - Navigate to https://www.demoblaze.com
2023-10-20T15:33:22,522 [main] INFO  (CartPage.java:40) - Removing all items from the cart
2023-10-20T15:33:22,525 [main] INFO  (CartPage.java:59) - Checking if there are any items in the cart
2023-10-20T15:33:42,851 [main] INFO  (CartPage.java:71) - Are there any items in the cart? false
2023-10-20T15:33:51,084 [main] INFO  (CartPage.java:59) - Checking if there are any items in the cart
2023-10-20T15:33:53,297 [main] ERROR (CartPage.java:74) - No items in the cart: org.openqa.selenium.TimeoutException: Expected condition failed: waiting for at least one condition to be valid: visibility of element located by By.cssSelector: div.table-responsive table.table || presence of element located by: By.cssSelector: table.table tbody#tbodyid tr.success (tried for 2 second(s) with 500 milliseconds interval)
2023-10-20T15:33:53,298 [main] INFO  (CartPage.java:76) - Are there any items in the cart? false (Exception)
2023-10-20T15:33:55,542 [main] INFO  (BaseTest.java:87) - Closing the driver
2023-10-20T15:33:58,185 [main] INFO  (BaseTest.java:44) - Opening browser chrome
2023-10-20T15:34:14,398 [main] INFO  (BaseTest.java:50) - Navigate to https://www.demoblaze.com
2023-10-20T15:34:20,026 [main] INFO  (BaseTest.java:87) - Closing the driver
2023-10-20T15:34:22,215 [main] INFO  (BaseTest.java:44) - Opening browser chrome
2023-10-20T15:34:30,216 [main] INFO  (BaseTest.java:50) - Navigate to https://www.demoblaze.com
2023-10-20T15:34:39,390 [main] INFO  (LaptopsPage.java:32) - Clicking on first item:Sony vaio i5
2023-10-20T15:35:04,074 [main] INFO  (BaseTest.java:87) - Closing the driver
2023-10-20T16:32:00,999 [main] INFO  (BaseTest.java:44) - Opening browser chrome
2023-10-20T16:32:03,630 [main] INFO  (BaseTest.java:50) - Navigate to https://www.demoblaze.com
2023-10-20T16:32:11,795 [main] INFO  (MenuPage.java:39) - Log out button is displayed before wait: true
2023-10-20T16:32:11,971 [main] INFO  (MenuPage.java:42) - Log out button is displayed after wait: true
2023-10-20T16:32:14,283 [main] INFO  (BaseTest.java:87) - Closing the driver
2023-10-20T16:32:16,221 [main] INFO  (BaseTest.java:44) - Opening browser chrome
2023-10-20T16:32:18,125 [main] INFO  (BaseTest.java:50) - Navigate to https://www.demoblaze.com
2023-10-20T16:32:23,101 [main] INFO  (BaseTest.java:87) - Closing the driver
2023-10-20T16:32:25,224 [main] INFO  (BaseTest.java:44) - Opening browser chrome
2023-10-20T16:32:27,423 [main] INFO  (BaseTest.java:50) - Navigate to https://www.demoblaze.com
2023-10-20T16:32:31,986 [main] INFO  (BaseTest.java:87) - Closing the driver
2023-10-20T16:32:33,957 [main] INFO  (BaseTest.java:44) - Opening browser chrome
2023-10-20T16:32:35,705 [main] INFO  (BaseTest.java:50) - Navigate to https://www.demoblaze.com
2023-10-20T16:32:40,776 [main] INFO  (BaseTest.java:87) - Closing the driver
2023-10-20T16:32:42,695 [main] INFO  (BaseTest.java:44) - Opening browser chrome
2023-10-20T16:32:44,256 [main] INFO  (BaseTest.java:50) - Navigate to https://www.demoblaze.com
2023-10-20T16:32:49,583 [main] INFO  (BaseTest.java:87) - Closing the driver
2023-10-20T16:32:51,428 [main] INFO  (BaseTest.java:44) - Opening browser chrome
2023-10-20T16:32:53,301 [main] INFO  (BaseTest.java:50) - Navigate to https://www.demoblaze.com
2023-10-20T16:32:58,273 [main] INFO  (BaseTest.java:87) - Closing the driver
