2023-10-23T17:12:30,168 [main] INFO  (BaseTest.java:44) - Opening browser chrome
2023-10-23T17:12:37,720 [main] INFO  (BaseTest.java:50) - Navigate to https://www.demoblaze.com
2023-10-23T17:12:49,088 [main] INFO  (MenuPage.java:39) - Log out button is displayed before wait: true
2023-10-23T17:12:49,375 [main] INFO  (MenuPage.java:42) - Log out button is displayed after wait: true
2023-10-23T17:12:51,780 [main] INFO  (BaseTest.java:87) - Closing the driver
2023-10-23T17:12:55,321 [main] INFO  (BaseTest.java:44) - Opening browser chrome
2023-10-23T17:12:57,625 [main] INFO  (BaseTest.java:50) - Navigate to https://www.demoblaze.com
2023-10-23T17:13:04,212 [main] INFO  (BaseTest.java:87) - Closing the driver
2023-10-23T17:13:07,314 [main] INFO  (BaseTest.java:44) - Opening browser chrome
2023-10-23T17:13:10,122 [main] INFO  (BaseTest.java:50) - Navigate to https://www.demoblaze.com
2023-10-23T17:13:19,437 [main] INFO  (BaseTest.java:87) - Closing the driver
2023-10-23T17:13:23,697 [main] INFO  (BaseTest.java:44) - Opening browser chrome
2023-10-23T17:13:26,695 [main] INFO  (BaseTest.java:50) - Navigate to https://www.demoblaze.com
2023-10-23T17:13:33,927 [main] INFO  (BaseTest.java:87) - Closing the driver
2023-10-23T17:13:35,937 [main] INFO  (BaseTest.java:44) - Opening browser chrome
2023-10-23T17:13:38,932 [main] INFO  (BaseTest.java:50) - Navigate to https://www.demoblaze.com
2023-10-23T17:13:46,523 [main] INFO  (BaseTest.java:87) - Closing the driver
2023-10-23T17:13:50,999 [main] INFO  (BaseTest.java:44) - Opening browser chrome
2023-10-23T17:13:53,924 [main] INFO  (BaseTest.java:50) - Navigate to https://www.demoblaze.com
2023-10-23T17:13:59,259 [main] INFO  (BaseTest.java:87) - Closing the driver
2023-10-23T17:16:41,847 [main] INFO  (BaseTest.java:44) - Opening browser chrome
2023-10-23T17:16:46,794 [main] INFO  (BaseTest.java:50) - Navigate to https://www.demoblaze.com
2023-10-23T17:16:59,032 [main] INFO  (MenuPage.java:39) - Log out button is displayed before wait: true
2023-10-23T17:16:59,292 [main] INFO  (MenuPage.java:42) - Log out button is displayed after wait: true
2023-10-23T17:17:01,660 [main] INFO  (BaseTest.java:87) - Closing the driver
2023-10-23T17:17:04,257 [main] INFO  (BaseTest.java:44) - Opening browser chrome
2023-10-23T17:17:06,916 [main] INFO  (BaseTest.java:50) - Navigate to https://www.demoblaze.com
2023-10-23T17:17:13,465 [main] INFO  (BaseTest.java:87) - Closing the driver
2023-10-23T17:17:15,899 [main] INFO  (BaseTest.java:44) - Opening browser chrome
2023-10-23T17:17:18,717 [main] INFO  (BaseTest.java:50) - Navigate to https://www.demoblaze.com
2023-10-23T17:17:25,462 [main] INFO  (BaseTest.java:87) - Closing the driver
2023-10-23T17:17:27,621 [main] INFO  (BaseTest.java:44) - Opening browser chrome
2023-10-23T17:17:29,529 [main] INFO  (BaseTest.java:50) - Navigate to https://www.demoblaze.com
2023-10-23T17:17:36,351 [main] INFO  (BaseTest.java:87) - Closing the driver
2023-10-23T17:17:38,893 [main] INFO  (BaseTest.java:44) - Opening browser chrome
2023-10-23T17:17:41,172 [main] INFO  (BaseTest.java:50) - Navigate to https://www.demoblaze.com
2023-10-23T17:17:49,695 [main] INFO  (BaseTest.java:87) - Closing the driver
2023-10-23T17:17:53,460 [main] INFO  (BaseTest.java:44) - Opening browser chrome
2023-10-23T17:17:56,498 [main] INFO  (BaseTest.java:50) - Navigate to https://www.demoblaze.com
2023-10-23T17:18:03,406 [main] INFO  (BaseTest.java:87) - Closing the driver
2023-10-23T17:26:09,997 [main] INFO  (BaseTest.java:44) - Opening browser chrome
2023-10-23T17:26:12,108 [main] INFO  (BaseTest.java:50) - Navigate to https://www.demoblaze.com
2023-10-23T17:26:21,343 [main] INFO  (MenuPage.java:39) - Log out button is displayed before wait: true
2023-10-23T17:26:21,537 [main] INFO  (MenuPage.java:42) - Log out button is displayed after wait: true
2023-10-23T17:26:23,852 [main] INFO  (BaseTest.java:87) - Closing the driver
2023-10-23T17:26:25,881 [main] INFO  (BaseTest.java:44) - Opening browser chrome
2023-10-23T17:26:27,714 [main] INFO  (BaseTest.java:50) - Navigate to https://www.demoblaze.com
2023-10-23T17:26:32,837 [main] INFO  (BaseTest.java:87) - Closing the driver
2023-10-23T17:26:34,825 [main] INFO  (BaseTest.java:44) - Opening browser chrome
2023-10-23T17:26:36,548 [main] INFO  (BaseTest.java:50) - Navigate to https://www.demoblaze.com
2023-10-23T17:26:41,170 [main] INFO  (BaseTest.java:87) - Closing the driver
2023-10-23T17:26:43,005 [main] INFO  (BaseTest.java:44) - Opening browser chrome
2023-10-23T17:26:44,549 [main] INFO  (BaseTest.java:50) - Navigate to https://www.demoblaze.com
2023-10-23T17:26:49,839 [main] INFO  (BaseTest.java:87) - Closing the driver
2023-10-23T17:26:53,905 [main] INFO  (BaseTest.java:44) - Opening browser chrome
2023-10-23T17:26:55,549 [main] INFO  (BaseTest.java:50) - Navigate to https://www.demoblaze.com
2023-10-23T17:27:01,110 [main] INFO  (BaseTest.java:87) - Closing the driver
2023-10-23T17:27:02,710 [main] INFO  (BaseTest.java:44) - Opening browser chrome
2023-10-23T17:27:05,433 [main] INFO  (BaseTest.java:50) - Navigate to https://www.demoblaze.com
2023-10-23T17:27:10,894 [main] INFO  (BaseTest.java:87) - Closing the driver
2023-10-23T17:28:33,794 [main] INFO  (BaseTest.java:44) - Opening browser chrome
2023-10-23T17:28:35,605 [main] INFO  (BaseTest.java:50) - Navigate to https://www.demoblaze.com
2023-10-23T17:28:43,806 [main] INFO  (MenuPage.java:39) - Log out button is displayed before wait: true
2023-10-23T17:28:43,978 [main] INFO  (MenuPage.java:42) - Log out button is displayed after wait: true
2023-10-23T17:28:46,304 [main] INFO  (BaseTest.java:87) - Closing the driver
2023-10-23T17:28:48,440 [main] INFO  (BaseTest.java:44) - Opening browser chrome
2023-10-23T17:28:50,605 [main] INFO  (BaseTest.java:50) - Navigate to https://www.demoblaze.com
2023-10-23T17:28:57,908 [main] INFO  (BaseTest.java:87) - Closing the driver
2023-10-23T17:28:59,848 [main] INFO  (BaseTest.java:44) - Opening browser chrome
2023-10-23T17:29:01,467 [main] INFO  (BaseTest.java:50) - Navigate to https://www.demoblaze.com
2023-10-23T17:29:06,142 [main] INFO  (BaseTest.java:87) - Closing the driver
2023-10-23T17:29:08,116 [main] INFO  (BaseTest.java:44) - Opening browser chrome
2023-10-23T17:29:09,598 [main] INFO  (BaseTest.java:50) - Navigate to https://www.demoblaze.com
2023-10-23T17:29:14,634 [main] INFO  (BaseTest.java:87) - Closing the driver
2023-10-23T17:29:16,425 [main] INFO  (BaseTest.java:44) - Opening browser chrome
2023-10-23T17:29:18,233 [main] INFO  (BaseTest.java:50) - Navigate to https://www.demoblaze.com
2023-10-23T17:29:23,819 [main] INFO  (BaseTest.java:87) - Closing the driver
2023-10-23T17:29:25,222 [main] INFO  (BaseTest.java:44) - Opening browser chrome
2023-10-23T17:29:27,245 [main] INFO  (BaseTest.java:50) - Navigate to https://www.demoblaze.com
2023-10-23T17:29:32,913 [main] INFO  (BaseTest.java:87) - Closing the driver
2023-10-23T17:31:52,450 [main] INFO  (BaseTest.java:44) - Opening browser chrome
2023-10-23T17:31:54,727 [main] INFO  (BaseTest.java:50) - Navigate to https://www.demoblaze.com
2023-10-23T17:32:02,518 [main] INFO  (MenuPage.java:39) - Log out button is displayed before wait: true
2023-10-23T17:32:02,715 [main] INFO  (MenuPage.java:42) - Log out button is displayed after wait: true
2023-10-23T17:32:04,954 [main] INFO  (BaseTest.java:87) - Closing the driver
2023-10-23T17:32:06,732 [main] INFO  (BaseTest.java:44) - Opening browser chrome
2023-10-23T17:32:09,535 [main] INFO  (BaseTest.java:50) - Navigate to https://www.demoblaze.com
2023-10-23T17:32:13,996 [main] INFO  (BaseTest.java:87) - Closing the driver
2023-10-23T17:32:15,558 [main] INFO  (BaseTest.java:44) - Opening browser chrome
2023-10-23T17:32:17,154 [main] INFO  (BaseTest.java:50) - Navigate to https://www.demoblaze.com
2023-10-23T17:32:21,617 [main] INFO  (BaseTest.java:87) - Closing the driver
2023-10-23T17:32:23,286 [main] INFO  (BaseTest.java:44) - Opening browser chrome
2023-10-23T17:32:24,661 [main] INFO  (BaseTest.java:50) - Navigate to https://www.demoblaze.com
2023-10-23T17:32:29,116 [main] INFO  (BaseTest.java:87) - Closing the driver
2023-10-23T17:32:30,662 [main] INFO  (BaseTest.java:44) - Opening browser chrome
2023-10-23T17:32:32,218 [main] INFO  (BaseTest.java:50) - Navigate to https://www.demoblaze.com
2023-10-23T17:32:37,533 [main] INFO  (BaseTest.java:87) - Closing the driver
2023-10-23T17:32:39,132 [main] INFO  (BaseTest.java:44) - Opening browser chrome
2023-10-23T17:32:40,810 [main] INFO  (BaseTest.java:50) - Navigate to https://www.demoblaze.com
2023-10-23T17:32:46,790 [main] INFO  (BaseTest.java:87) - Closing the driver
2023-10-23T17:34:37,007 [main] INFO  (BaseTest.java:44) - Opening browser chrome
2023-10-23T17:34:40,489 [main] INFO  (BaseTest.java:50) - Navigate to https://www.demoblaze.com
2023-10-23T17:34:46,093 [main] INFO  (BaseTest.java:87) - Closing the driver
2023-10-23T17:34:47,942 [main] INFO  (BaseTest.java:44) - Opening browser chrome
2023-10-23T17:34:49,515 [main] INFO  (BaseTest.java:50) - Navigate to https://www.demoblaze.com
2023-10-23T17:34:54,073 [main] INFO  (BaseTest.java:87) - Closing the driver
2023-10-23T17:34:57,144 [main] INFO  (BaseTest.java:44) - Opening browser chrome
2023-10-23T17:34:59,474 [main] INFO  (BaseTest.java:50) - Navigate to https://www.demoblaze.com
2023-10-23T17:35:04,265 [main] INFO  (BaseTest.java:87) - Closing the driver
2023-10-23T17:35:06,138 [main] INFO  (BaseTest.java:44) - Opening browser chrome
2023-10-23T17:35:07,940 [main] INFO  (BaseTest.java:50) - Navigate to https://www.demoblaze.com
2023-10-23T17:35:12,583 [main] INFO  (BaseTest.java:87) - Closing the driver
2023-10-23T17:35:14,137 [main] INFO  (BaseTest.java:44) - Opening browser chrome
2023-10-23T17:35:16,123 [main] INFO  (BaseTest.java:50) - Navigate to https://www.demoblaze.com
2023-10-23T17:35:21,344 [main] INFO  (BaseTest.java:87) - Closing the driver
2023-10-23T17:35:23,166 [main] INFO  (BaseTest.java:44) - Opening browser chrome
2023-10-23T17:35:24,728 [main] INFO  (BaseTest.java:50) - Navigate to https://www.demoblaze.com
2023-10-23T17:35:29,609 [main] INFO  (BaseTest.java:87) - Closing the driver
2023-10-23T19:06:26,344 [main] INFO  (BaseTest.java:44) - Opening browser chrome
2023-10-23T19:06:28,737 [main] INFO  (BaseTest.java:50) - Navigate to https://www.demoblaze.com
2023-10-23T19:06:35,127 [main] INFO  (MenuPage.java:39) - Log out button is displayed before wait: false
2023-10-23T19:06:43,104 [main] INFO  (BaseTest.java:87) - Closing the driver
2023-10-23T19:06:45,854 [main] INFO  (BaseTest.java:44) - Opening browser chrome
2023-10-23T19:06:47,526 [main] INFO  (BaseTest.java:50) - Navigate to https://www.demoblaze.com
2023-10-23T19:09:33,968 [main] INFO  (BaseTest.java:44) - Opening browser chrome
2023-10-23T19:09:36,225 [main] INFO  (BaseTest.java:50) - Navigate to https://www.demoblaze.com
2023-10-23T19:09:42,012 [main] INFO  (MenuPage.java:39) - Log out button is displayed before wait: true
2023-10-23T19:09:42,221 [main] INFO  (MenuPage.java:42) - Log out button is displayed after wait: true
2023-10-23T19:09:44,555 [main] INFO  (BaseTest.java:87) - Closing the driver
2023-10-23T19:09:47,604 [main] INFO  (BaseTest.java:44) - Opening browser chrome
2023-10-23T19:09:49,453 [main] INFO  (BaseTest.java:50) - Navigate to https://www.demoblaze.com
2023-10-23T19:09:53,853 [main] INFO  (BaseTest.java:87) - Closing the driver
2023-10-23T19:09:55,515 [main] INFO  (BaseTest.java:44) - Opening browser chrome
2023-10-23T19:09:57,093 [main] INFO  (BaseTest.java:50) - Navigate to https://www.demoblaze.com
2023-10-23T19:10:01,713 [main] INFO  (BaseTest.java:87) - Closing the driver
2023-10-23T19:10:03,307 [main] INFO  (BaseTest.java:44) - Opening browser chrome
2023-10-23T19:10:04,974 [main] INFO  (BaseTest.java:50) - Navigate to https://www.demoblaze.com
2023-10-23T19:10:09,838 [main] INFO  (BaseTest.java:87) - Closing the driver
2023-10-23T19:10:11,351 [main] INFO  (BaseTest.java:44) - Opening browser chrome
2023-10-23T19:10:12,985 [main] INFO  (BaseTest.java:50) - Navigate to https://www.demoblaze.com
2023-10-23T19:10:18,032 [main] INFO  (BaseTest.java:87) - Closing the driver
2023-10-23T19:10:19,570 [main] INFO  (BaseTest.java:44) - Opening browser chrome
2023-10-23T19:10:21,099 [main] INFO  (BaseTest.java:50) - Navigate to https://www.demoblaze.com
2023-10-23T19:10:26,729 [main] INFO  (BaseTest.java:87) - Closing the driver
2023-10-23T19:11:55,415 [main] INFO  (BaseTest.java:44) - Opening browser chrome
2023-10-23T19:11:58,375 [main] INFO  (BaseTest.java:50) - Navigate to https://www.demoblaze.com
2023-10-23T19:12:05,736 [main] INFO  (CartPage.java:40) - Removing all items from the cart
2023-10-23T19:12:05,739 [main] INFO  (CartPage.java:59) - Checking if there are any items in the cart
2023-10-23T19:12:26,094 [main] INFO  (CartPage.java:71) - Are there any items in the cart? false
2023-10-23T19:12:46,141 [main] INFO  (CartPage.java:59) - Checking if there are any items in the cart
2023-10-23T19:13:06,438 [main] INFO  (CartPage.java:71) - Are there any items in the cart? false
2023-10-23T19:13:19,528 [main] INFO  (BaseTest.java:87) - Closing the driver
2023-10-23T23:40:47,455 [main] INFO  (BaseTest.java:44) - Opening browser chrome
2023-10-23T23:40:54,125 [main] INFO  (BaseTest.java:50) - Navigate to https://www.demoblaze.com
2023-10-23T23:41:12,983 [main] INFO  (CartPage.java:41) - Removing all items from the cart
2023-10-23T23:41:12,989 [main] INFO  (CartPage.java:60) - Checking if there are any items in the cart
2023-10-23T23:41:27,909 [main] INFO  (CartPage.java:72) - Are there any items in the cart? false
2023-10-23T23:41:27,947 [main] ERROR (CartPage.java:75) - No items in the cart: org.openqa.selenium.NoSuchWindowException: no such window: target window already closed
from unknown error: web view not found
  (Session info: chrome=117.0.5938.88)
Build info: version: '3.141.59', revision: 'e82be7d358', time: '2018-11-14T08:17:03'
System info: host: 'fabio-laptop', ip: '127.0.1.1', os.name: 'Linux', os.arch: 'amd64', os.version: '6.2.0-35-generic', java.version: '11.0.20.1'
Driver info: org.openqa.selenium.chrome.ChromeDriver
Capabilities {acceptInsecureCerts: false, browserName: chrome, browserVersion: 117.0.5938.88, chrome: {chromedriverVersion: 117.0.5938.92 (67649b10b92b..., userDataDir: /tmp/.org.chromium.Chromium...}, fedcm:accounts: true, goog:chromeOptions: {debuggerAddress: localhost:46053}, javascriptEnabled: true, networkConnectionEnabled: false, pageLoadStrategy: normal, platform: LINUX, platformName: LINUX, proxy: Proxy(), setWindowRect: true, strictFileInteractability: false, timeouts: {implicit: 0, pageLoad: 300000, script: 30000}, unhandledPromptBehavior: dismiss and notify, webauthn:extension:credBlob: true, webauthn:extension:largeBlob: true, webauthn:extension:minPinLength: true, webauthn:extension:prf: true, webauthn:virtualAuthenticators: true}
Session ID: a64172d3713b0505768cd531d293168f
*** Element info: {Using=css selector, value=table.table tbody#tbodyid tr.success}
2023-10-23T23:41:27,961 [main] INFO  (CartPage.java:77) - Are there any items in the cart? false (Exception)
2023-10-23T23:41:27,990 [main] INFO  (CartPage.java:60) - Checking if there are any items in the cart
2023-10-23T23:41:30,183 [main] ERROR (CartPage.java:75) - No items in the cart: org.openqa.selenium.TimeoutException: Expected condition failed: waiting for at least one condition to be valid: visibility of element located by By.cssSelector: div.table-responsive table.table || presence of element located by: By.cssSelector: table.table tbody#tbodyid tr.success (tried for 2 second(s) with 500 milliseconds interval)
2023-10-23T23:41:30,185 [main] INFO  (CartPage.java:77) - Are there any items in the cart? false (Exception)
2023-10-23T23:41:32,322 [main] INFO  (BaseTest.java:87) - Closing the driver
2023-10-23T23:41:36,664 [main] INFO  (BaseTest.java:44) - Opening browser chrome
2023-10-23T23:45:09,985 [main] INFO  (BaseTest.java:44) - Opening browser chrome
2023-10-23T23:45:17,790 [main] INFO  (BaseTest.java:50) - Navigate to https://www.demoblaze.com
2023-10-23T23:45:23,812 [main] INFO  (CartPage.java:41) - Removing all items from the cart
2023-10-23T23:45:23,820 [main] INFO  (CartPage.java:60) - Checking if there are any items in the cart
2023-10-23T23:45:27,367 [main] INFO  (CartPage.java:72) - Are there any items in the cart? false
2023-10-23T23:45:27,411 [main] ERROR (CartPage.java:75) - No items in the cart: org.openqa.selenium.NoSuchWindowException: no such window: target window already closed
from unknown error: web view not found
  (Session info: chrome=117.0.5938.88)
Build info: version: '3.141.59', revision: 'e82be7d358', time: '2018-11-14T08:17:03'
System info: host: 'fabio-laptop', ip: '127.0.1.1', os.name: 'Linux', os.arch: 'amd64', os.version: '6.2.0-35-generic', java.version: '11.0.20.1'
Driver info: org.openqa.selenium.chrome.ChromeDriver
Capabilities {acceptInsecureCerts: false, browserName: chrome, browserVersion: 117.0.5938.88, chrome: {chromedriverVersion: 117.0.5938.92 (67649b10b92b..., userDataDir: /tmp/.org.chromium.Chromium...}, fedcm:accounts: true, goog:chromeOptions: {debuggerAddress: localhost:34719}, javascriptEnabled: true, networkConnectionEnabled: false, pageLoadStrategy: normal, platform: LINUX, platformName: LINUX, proxy: Proxy(), setWindowRect: true, strictFileInteractability: false, timeouts: {implicit: 0, pageLoad: 300000, script: 30000}, unhandledPromptBehavior: dismiss and notify, webauthn:extension:credBlob: true, webauthn:extension:largeBlob: true, webauthn:extension:minPinLength: true, webauthn:extension:prf: true, webauthn:virtualAuthenticators: true}
Session ID: 2b55b08c7edb66f80a4521e19f844b09
*** Element info: {Using=css selector, value=table.table tbody#tbodyid tr.success}
2023-10-23T23:45:27,419 [main] INFO  (CartPage.java:77) - Are there any items in the cart? false (Exception)
2023-10-23T23:45:27,424 [main] INFO  (CartPage.java:60) - Checking if there are any items in the cart
2023-10-23T23:45:29,598 [main] ERROR (CartPage.java:75) - No items in the cart: org.openqa.selenium.TimeoutException: Expected condition failed: waiting for at least one condition to be valid: visibility of element located by By.cssSelector: div.table-responsive table.table || presence of element located by: By.cssSelector: table.table tbody#tbodyid tr.success (tried for 2 second(s) with 500 milliseconds interval)
2023-10-23T23:45:29,601 [main] INFO  (CartPage.java:77) - Are there any items in the cart? false (Exception)
2023-10-23T23:45:31,645 [main] INFO  (BaseTest.java:87) - Closing the driver
2023-10-23T23:45:33,880 [main] INFO  (BaseTest.java:44) - Opening browser chrome
2023-10-23T23:45:39,968 [main] INFO  (BaseTest.java:50) - Navigate to https://www.demoblaze.com
2023-10-23T23:45:48,033 [main] INFO  (CartPage.java:41) - Removing all items from the cart
2023-10-23T23:45:48,035 [main] INFO  (CartPage.java:60) - Checking if there are any items in the cart
2023-10-23T23:46:08,822 [main] INFO  (CartPage.java:72) - Are there any items in the cart? false
2023-10-23T23:46:30,747 [main] INFO  (LaptopsPage.java:32) - Clicking on first item:Sony vaio i5
2023-10-23T23:46:37,027 [main] INFO  (BaseTest.java:87) - Closing the driver
2023-10-23T23:46:42,071 [main] INFO  (BaseTest.java:44) - Opening browser chrome
2023-10-23T23:53:18,339 [main] INFO  (BaseTest.java:44) - Opening browser chrome
2023-10-23T23:53:23,230 [main] INFO  (BaseTest.java:50) - Navigate to https://www.demoblaze.com
2023-10-23T23:53:32,575 [main] INFO  (BaseTest.java:87) - Closing the driver
2023-10-23T23:53:36,454 [main] INFO  (BaseTest.java:44) - Opening browser chrome
2023-10-23T23:53:42,592 [main] INFO  (BaseTest.java:50) - Navigate to https://www.demoblaze.com
2023-10-23T23:53:51,940 [main] INFO  (BaseTest.java:87) - Closing the driver
2023-10-23T23:55:15,573 [main] INFO  (BaseTest.java:44) - Opening browser chrome
2023-10-23T23:55:20,790 [main] INFO  (BaseTest.java:50) - Navigate to https://www.demoblaze.com
2023-10-23T23:55:28,895 [main] INFO  (CartPage.java:41) - Removing all items from the cart
2023-10-23T23:55:28,980 [main] INFO  (CartPage.java:60) - Checking if there are any items in the cart
2023-10-23T23:55:30,005 [main] INFO  (CartPage.java:72) - Are there any items in the cart? true
2023-10-23T23:55:30,058 [main] INFO  (CartPage.java:47) - Items in the cart: 1
2023-10-23T23:55:30,151 [main] INFO  (CartPage.java:60) - Checking if there are any items in the cart
2023-10-23T23:55:30,304 [main] INFO  (CartPage.java:72) - Are there any items in the cart? true
2023-10-23T23:55:30,367 [main] INFO  (CartPage.java:47) - Items in the cart: 1
2023-10-23T23:55:30,437 [main] INFO  (CartPage.java:60) - Checking if there are any items in the cart
2023-10-23T23:55:30,579 [main] INFO  (CartPage.java:72) - Are there any items in the cart? true
2023-10-23T23:55:30,696 [main] INFO  (CartPage.java:47) - Items in the cart: 1
2023-10-23T23:55:30,771 [main] INFO  (CartPage.java:60) - Checking if there are any items in the cart
2023-10-23T23:55:30,904 [main] INFO  (CartPage.java:72) - Are there any items in the cart? true
2023-10-23T23:55:30,955 [main] INFO  (CartPage.java:47) - Items in the cart: 1
2023-10-23T23:55:31,028 [main] INFO  (CartPage.java:60) - Checking if there are any items in the cart
2023-10-23T23:55:31,168 [main] INFO  (CartPage.java:72) - Are there any items in the cart? true
2023-10-23T23:55:31,243 [main] INFO  (CartPage.java:47) - Items in the cart: 1
2023-10-23T23:55:31,336 [main] INFO  (CartPage.java:60) - Checking if there are any items in the cart
2023-10-23T23:55:31,472 [main] INFO  (CartPage.java:72) - Are there any items in the cart? true
2023-10-23T23:55:31,517 [main] INFO  (CartPage.java:47) - Items in the cart: 1
2023-10-23T23:55:31,598 [main] INFO  (CartPage.java:60) - Checking if there are any items in the cart
2023-10-23T23:55:31,742 [main] INFO  (CartPage.java:72) - Are there any items in the cart? true
2023-10-23T23:55:31,810 [main] INFO  (CartPage.java:47) - Items in the cart: 1
2023-10-23T23:55:31,904 [main] INFO  (CartPage.java:60) - Checking if there are any items in the cart
2023-10-23T23:55:32,039 [main] INFO  (CartPage.java:72) - Are there any items in the cart? true
2023-10-23T23:55:32,115 [main] INFO  (CartPage.java:47) - Items in the cart: 1
2023-10-23T23:55:32,186 [main] INFO  (CartPage.java:60) - Checking if there are any items in the cart
2023-10-23T23:55:32,326 [main] INFO  (CartPage.java:72) - Are there any items in the cart? true
2023-10-23T23:55:32,392 [main] INFO  (CartPage.java:47) - Items in the cart: 1
2023-10-23T23:55:32,464 [main] INFO  (CartPage.java:60) - Checking if there are any items in the cart
2023-10-23T23:55:32,609 [main] INFO  (CartPage.java:72) - Are there any items in the cart? true
2023-10-23T23:55:32,664 [main] INFO  (CartPage.java:47) - Items in the cart: 1
2023-10-23T23:55:32,731 [main] INFO  (CartPage.java:60) - Checking if there are any items in the cart
2023-10-23T23:55:32,862 [main] INFO  (CartPage.java:72) - Are there any items in the cart? true
2023-10-23T23:55:32,925 [main] INFO  (CartPage.java:47) - Items in the cart: 1
2023-10-23T23:55:32,992 [main] INFO  (CartPage.java:60) - Checking if there are any items in the cart
2023-10-23T23:55:33,135 [main] INFO  (CartPage.java:72) - Are there any items in the cart? true
2023-10-23T23:55:33,213 [main] INFO  (CartPage.java:47) - Items in the cart: 1
2023-10-23T23:55:33,326 [main] INFO  (CartPage.java:60) - Checking if there are any items in the cart
2023-10-23T23:55:33,461 [main] INFO  (CartPage.java:72) - Are there any items in the cart? true
2023-10-23T23:55:33,506 [main] INFO  (CartPage.java:47) - Items in the cart: 1
2023-10-23T23:55:33,577 [main] INFO  (CartPage.java:60) - Checking if there are any items in the cart
2023-10-23T23:55:33,728 [main] INFO  (CartPage.java:72) - Are there any items in the cart? true
2023-10-23T23:55:33,791 [main] INFO  (CartPage.java:47) - Items in the cart: 1
2023-10-23T23:55:33,902 [main] INFO  (CartPage.java:60) - Checking if there are any items in the cart
2023-10-23T23:55:34,061 [main] INFO  (CartPage.java:72) - Are there any items in the cart? true
2023-10-23T23:55:34,127 [main] INFO  (CartPage.java:47) - Items in the cart: 1
2023-10-23T23:55:34,222 [main] INFO  (CartPage.java:60) - Checking if there are any items in the cart
2023-10-23T23:55:34,374 [main] INFO  (CartPage.java:72) - Are there any items in the cart? true
2023-10-23T23:55:34,438 [main] INFO  (CartPage.java:47) - Items in the cart: 1
2023-10-23T23:55:34,514 [main] INFO  (CartPage.java:60) - Checking if there are any items in the cart
2023-10-23T23:55:34,645 [main] INFO  (CartPage.java:72) - Are there any items in the cart? true
2023-10-23T23:55:34,712 [main] INFO  (CartPage.java:47) - Items in the cart: 1
2023-10-23T23:55:34,780 [main] INFO  (CartPage.java:60) - Checking if there are any items in the cart
2023-10-23T23:55:34,917 [main] INFO  (CartPage.java:72) - Are there any items in the cart? true
2023-10-23T23:55:34,994 [main] INFO  (CartPage.java:47) - Items in the cart: 1
2023-10-23T23:55:35,060 [main] INFO  (CartPage.java:60) - Checking if there are any items in the cart
2023-10-23T23:55:35,193 [main] INFO  (CartPage.java:72) - Are there any items in the cart? true
2023-10-23T23:55:35,276 [main] INFO  (CartPage.java:47) - Items in the cart: 1
2023-10-23T23:55:35,366 [main] INFO  (CartPage.java:60) - Checking if there are any items in the cart
2023-10-23T23:55:35,493 [main] INFO  (CartPage.java:72) - Are there any items in the cart? true
2023-10-23T23:55:35,543 [main] INFO  (CartPage.java:47) - Items in the cart: 1
2023-10-23T23:55:35,609 [main] INFO  (CartPage.java:60) - Checking if there are any items in the cart
2023-10-23T23:55:35,734 [main] INFO  (CartPage.java:72) - Are there any items in the cart? true
2023-10-23T23:55:35,802 [main] INFO  (CartPage.java:47) - Items in the cart: 1
2023-10-23T23:55:35,873 [main] INFO  (CartPage.java:60) - Checking if there are any items in the cart
2023-10-23T23:55:36,003 [main] INFO  (CartPage.java:72) - Are there any items in the cart? true
2023-10-23T23:55:36,061 [main] INFO  (CartPage.java:47) - Items in the cart: 1
2023-10-23T23:55:36,126 [main] INFO  (CartPage.java:60) - Checking if there are any items in the cart
2023-10-23T23:55:36,265 [main] INFO  (CartPage.java:72) - Are there any items in the cart? true
2023-10-23T23:55:36,322 [main] INFO  (CartPage.java:47) - Items in the cart: 1
2023-10-23T23:55:36,389 [main] INFO  (CartPage.java:60) - Checking if there are any items in the cart
2023-10-23T23:55:36,522 [main] INFO  (CartPage.java:72) - Are there any items in the cart? true
2023-10-23T23:55:36,594 [main] INFO  (CartPage.java:47) - Items in the cart: 1
2023-10-23T23:55:36,675 [main] INFO  (CartPage.java:60) - Checking if there are any items in the cart
2023-10-23T23:55:36,793 [main] INFO  (CartPage.java:72) - Are there any items in the cart? true
2023-10-23T23:55:36,861 [main] INFO  (CartPage.java:47) - Items in the cart: 1
2023-10-23T23:55:36,960 [main] INFO  (CartPage.java:60) - Checking if there are any items in the cart
2023-10-23T23:55:37,096 [main] INFO  (CartPage.java:72) - Are there any items in the cart? true
2023-10-23T23:55:37,153 [main] INFO  (CartPage.java:47) - Items in the cart: 1
2023-10-23T23:55:37,255 [main] INFO  (CartPage.java:60) - Checking if there are any items in the cart
2023-10-23T23:55:37,399 [main] INFO  (CartPage.java:72) - Are there any items in the cart? true
2023-10-23T23:55:37,465 [main] INFO  (CartPage.java:47) - Items in the cart: 1
2023-10-23T23:55:37,572 [main] INFO  (CartPage.java:60) - Checking if there are any items in the cart
2023-10-23T23:55:37,714 [main] INFO  (CartPage.java:72) - Are there any items in the cart? true
2023-10-23T23:55:37,779 [main] INFO  (CartPage.java:47) - Items in the cart: 1
2023-10-23T23:55:37,892 [main] INFO  (CartPage.java:60) - Checking if there are any items in the cart
2023-10-23T23:55:38,031 [main] INFO  (CartPage.java:72) - Are there any items in the cart? true
2023-10-23T23:55:38,093 [main] INFO  (CartPage.java:47) - Items in the cart: 1
2023-10-23T23:55:38,198 [main] INFO  (CartPage.java:60) - Checking if there are any items in the cart
2023-10-23T23:55:38,338 [main] INFO  (CartPage.java:72) - Are there any items in the cart? true
2023-10-23T23:55:38,398 [main] INFO  (CartPage.java:47) - Items in the cart: 1
2023-10-23T23:55:38,490 [main] INFO  (CartPage.java:60) - Checking if there are any items in the cart
2023-10-23T23:55:38,587 [main] INFO  (CartPage.java:72) - Are there any items in the cart? true
2023-10-23T23:55:38,646 [main] INFO  (CartPage.java:47) - Items in the cart: 1
2023-10-23T23:55:38,732 [main] INFO  (CartPage.java:60) - Checking if there are any items in the cart
2023-10-23T23:55:38,854 [main] INFO  (CartPage.java:72) - Are there any items in the cart? true
2023-10-23T23:55:38,915 [main] INFO  (CartPage.java:47) - Items in the cart: 1
2023-10-23T23:55:39,031 [main] INFO  (CartPage.java:60) - Checking if there are any items in the cart
2023-10-23T23:55:39,169 [main] INFO  (CartPage.java:72) - Are there any items in the cart? true
2023-10-23T23:55:39,233 [main] INFO  (CartPage.java:47) - Items in the cart: 1
2023-10-23T23:55:39,321 [main] INFO  (CartPage.java:60) - Checking if there are any items in the cart
2023-10-23T23:55:39,462 [main] INFO  (CartPage.java:72) - Are there any items in the cart? true
2023-10-23T23:55:39,509 [main] INFO  (CartPage.java:47) - Items in the cart: 1
2023-10-23T23:55:39,586 [main] INFO  (CartPage.java:60) - Checking if there are any items in the cart
2023-10-23T23:55:39,648 [main] INFO  (CartPage.java:72) - Are there any items in the cart? true
2023-10-23T23:55:39,720 [main] INFO  (CartPage.java:47) - Items in the cart: 1
2023-10-23T23:55:39,825 [main] INFO  (CartPage.java:60) - Checking if there are any items in the cart
2023-10-23T23:55:39,971 [main] INFO  (CartPage.java:72) - Are there any items in the cart? true
2023-10-23T23:55:40,053 [main] INFO  (CartPage.java:47) - Items in the cart: 1
2023-10-23T23:55:40,164 [main] INFO  (CartPage.java:60) - Checking if there are any items in the cart
2023-10-23T23:55:40,299 [main] INFO  (CartPage.java:72) - Are there any items in the cart? true
2023-10-23T23:55:40,352 [main] INFO  (CartPage.java:47) - Items in the cart: 1
2023-10-23T23:55:40,421 [main] INFO  (CartPage.java:60) - Checking if there are any items in the cart
2023-10-23T23:55:40,572 [main] INFO  (CartPage.java:72) - Are there any items in the cart? true
2023-10-23T23:55:40,631 [main] INFO  (CartPage.java:47) - Items in the cart: 1
2023-10-23T23:55:40,740 [main] INFO  (CartPage.java:60) - Checking if there are any items in the cart
2023-10-23T23:55:40,865 [main] INFO  (CartPage.java:72) - Are there any items in the cart? true
2023-10-23T23:55:40,911 [main] INFO  (CartPage.java:47) - Items in the cart: 1
2023-10-23T23:55:40,986 [main] INFO  (CartPage.java:60) - Checking if there are any items in the cart
2023-10-23T23:55:41,130 [main] INFO  (CartPage.java:72) - Are there any items in the cart? true
2023-10-23T23:55:41,195 [main] INFO  (CartPage.java:47) - Items in the cart: 1
2023-10-23T23:55:41,277 [main] INFO  (CartPage.java:60) - Checking if there are any items in the cart
2023-10-23T23:55:41,426 [main] INFO  (CartPage.java:72) - Are there any items in the cart? true
2023-10-23T23:55:41,484 [main] INFO  (CartPage.java:47) - Items in the cart: 1
2023-10-23T23:55:41,556 [main] INFO  (CartPage.java:60) - Checking if there are any items in the cart
2023-10-23T23:55:41,694 [main] INFO  (CartPage.java:72) - Are there any items in the cart? true
2023-10-23T23:55:41,770 [main] INFO  (CartPage.java:47) - Items in the cart: 1
2023-10-23T23:55:41,878 [main] INFO  (CartPage.java:60) - Checking if there are any items in the cart
2023-10-23T23:55:42,032 [main] INFO  (CartPage.java:72) - Are there any items in the cart? true
2023-10-23T23:55:42,117 [main] INFO  (CartPage.java:47) - Items in the cart: 1
2023-10-23T23:55:42,234 [main] INFO  (CartPage.java:60) - Checking if there are any items in the cart
2023-10-23T23:55:42,428 [main] INFO  (CartPage.java:72) - Are there any items in the cart? true
2023-10-23T23:55:42,489 [main] INFO  (CartPage.java:47) - Items in the cart: 1
2023-10-23T23:55:42,574 [main] INFO  (CartPage.java:60) - Checking if there are any items in the cart
2023-10-23T23:55:42,694 [main] INFO  (CartPage.java:72) - Are there any items in the cart? true
2023-10-23T23:55:42,768 [main] INFO  (CartPage.java:47) - Items in the cart: 1
2023-10-23T23:55:42,858 [main] INFO  (CartPage.java:60) - Checking if there are any items in the cart
2023-10-23T23:55:43,009 [main] INFO  (CartPage.java:72) - Are there any items in the cart? true
2023-10-23T23:55:43,081 [main] INFO  (CartPage.java:47) - Items in the cart: 1
2023-10-23T23:55:43,175 [main] INFO  (CartPage.java:60) - Checking if there are any items in the cart
2023-10-23T23:55:43,316 [main] INFO  (CartPage.java:72) - Are there any items in the cart? true
2023-10-23T23:55:43,363 [main] INFO  (CartPage.java:47) - Items in the cart: 1
2023-10-23T23:55:43,465 [main] INFO  (CartPage.java:60) - Checking if there are any items in the cart
2023-10-23T23:55:43,593 [main] INFO  (CartPage.java:72) - Are there any items in the cart? true
2023-10-23T23:55:43,660 [main] INFO  (CartPage.java:47) - Items in the cart: 1
2023-10-23T23:55:43,817 [main] INFO  (CartPage.java:60) - Checking if there are any items in the cart
2023-10-23T23:55:44,029 [main] INFO  (CartPage.java:72) - Are there any items in the cart? true
2023-10-23T23:55:44,287 [main] INFO  (CartPage.java:47) - Items in the cart: 1
2023-10-23T23:55:44,511 [main] INFO  (CartPage.java:60) - Checking if there are any items in the cart
2023-10-23T23:55:44,715 [main] INFO  (CartPage.java:72) - Are there any items in the cart? true
2023-10-23T23:55:44,793 [main] INFO  (CartPage.java:47) - Items in the cart: 1
2023-10-23T23:55:45,056 [main] INFO  (CartPage.java:60) - Checking if there are any items in the cart
2023-10-23T23:55:45,281 [main] INFO  (CartPage.java:72) - Are there any items in the cart? true
2023-10-23T23:55:45,418 [main] INFO  (CartPage.java:47) - Items in the cart: 1
2023-10-23T23:55:45,552 [main] INFO  (CartPage.java:60) - Checking if there are any items in the cart
2023-10-23T23:55:45,707 [main] INFO  (CartPage.java:72) - Are there any items in the cart? true
2023-10-23T23:55:45,812 [main] INFO  (CartPage.java:47) - Items in the cart: 1
2023-10-23T23:55:45,970 [main] INFO  (CartPage.java:60) - Checking if there are any items in the cart
2023-10-23T23:55:46,194 [main] INFO  (CartPage.java:72) - Are there any items in the cart? true
2023-10-23T23:55:46,312 [main] INFO  (CartPage.java:47) - Items in the cart: 1
2023-10-23T23:55:46,521 [main] INFO  (CartPage.java:60) - Checking if there are any items in the cart
2023-10-23T23:55:46,727 [main] INFO  (CartPage.java:72) - Are there any items in the cart? true
2023-10-23T23:55:46,828 [main] INFO  (CartPage.java:47) - Items in the cart: 1
2023-10-23T23:55:47,033 [main] INFO  (CartPage.java:60) - Checking if there are any items in the cart
2023-10-23T23:55:47,265 [main] INFO  (CartPage.java:72) - Are there any items in the cart? true
2023-10-23T23:55:47,397 [main] INFO  (CartPage.java:47) - Items in the cart: 1
2023-10-23T23:55:47,666 [main] INFO  (CartPage.java:60) - Checking if there are any items in the cart
2023-10-23T23:55:47,855 [main] INFO  (CartPage.java:72) - Are there any items in the cart? true
2023-10-23T23:55:48,004 [main] INFO  (CartPage.java:47) - Items in the cart: 1
2023-10-23T23:55:48,228 [main] INFO  (CartPage.java:60) - Checking if there are any items in the cart
2023-10-23T23:55:48,443 [main] INFO  (CartPage.java:72) - Are there any items in the cart? true
2023-10-23T23:55:48,562 [main] INFO  (CartPage.java:47) - Items in the cart: 1
2023-10-23T23:55:48,780 [main] INFO  (CartPage.java:60) - Checking if there are any items in the cart
2023-10-23T23:55:48,971 [main] INFO  (CartPage.java:72) - Are there any items in the cart? true
2023-10-23T23:55:49,069 [main] INFO  (CartPage.java:47) - Items in the cart: 1
2023-10-23T23:55:49,277 [main] INFO  (CartPage.java:60) - Checking if there are any items in the cart
2023-10-23T23:55:49,520 [main] INFO  (CartPage.java:72) - Are there any items in the cart? true
2023-10-23T23:55:49,671 [main] INFO  (CartPage.java:47) - Items in the cart: 1
2023-10-23T23:55:49,914 [main] INFO  (CartPage.java:60) - Checking if there are any items in the cart
2023-10-23T23:55:50,146 [main] INFO  (CartPage.java:72) - Are there any items in the cart? true
2023-10-23T23:55:50,228 [main] INFO  (CartPage.java:47) - Items in the cart: 1
2023-10-23T23:55:50,470 [main] INFO  (CartPage.java:60) - Checking if there are any items in the cart
2023-10-23T23:55:50,646 [main] INFO  (CartPage.java:72) - Are there any items in the cart? true
2023-10-23T23:55:50,775 [main] INFO  (CartPage.java:47) - Items in the cart: 1
2023-10-23T23:55:50,937 [main] INFO  (CartPage.java:60) - Checking if there are any items in the cart
2023-10-23T23:55:51,132 [main] INFO  (CartPage.java:72) - Are there any items in the cart? true
2023-10-23T23:55:51,236 [main] INFO  (CartPage.java:47) - Items in the cart: 1
2023-10-23T23:55:51,411 [main] INFO  (CartPage.java:60) - Checking if there are any items in the cart
2023-10-23T23:55:51,552 [main] INFO  (CartPage.java:72) - Are there any items in the cart? true
2023-10-23T23:55:51,628 [main] INFO  (CartPage.java:47) - Items in the cart: 1
2023-10-23T23:55:51,744 [main] INFO  (CartPage.java:60) - Checking if there are any items in the cart
2023-10-23T23:55:51,803 [main] INFO  (CartPage.java:72) - Are there any items in the cart? true
2023-10-23T23:55:51,868 [main] INFO  (CartPage.java:47) - Items in the cart: 1
2023-10-23T23:55:51,945 [main] INFO  (CartPage.java:60) - Checking if there are any items in the cart
2023-10-23T23:55:52,055 [main] INFO  (CartPage.java:72) - Are there any items in the cart? true
2023-10-23T23:55:52,108 [main] INFO  (CartPage.java:47) - Items in the cart: 1
2023-10-23T23:55:52,179 [main] INFO  (CartPage.java:60) - Checking if there are any items in the cart
2023-10-23T23:55:52,282 [main] INFO  (CartPage.java:72) - Are there any items in the cart? true
2023-10-23T23:55:52,348 [main] INFO  (CartPage.java:47) - Items in the cart: 1
2023-10-23T23:55:52,429 [main] INFO  (CartPage.java:60) - Checking if there are any items in the cart
2023-10-23T23:55:52,526 [main] INFO  (CartPage.java:72) - Are there any items in the cart? true
2023-10-23T23:55:52,604 [main] INFO  (CartPage.java:47) - Items in the cart: 1
2023-10-23T23:55:52,770 [main] INFO  (CartPage.java:60) - Checking if there are any items in the cart
2023-10-23T23:55:53,125 [main] INFO  (CartPage.java:72) - Are there any items in the cart? true
2023-10-23T23:55:53,282 [main] INFO  (CartPage.java:47) - Items in the cart: 1
2023-10-23T23:55:53,410 [main] INFO  (CartPage.java:60) - Checking if there are any items in the cart
2023-10-23T23:55:53,603 [main] INFO  (CartPage.java:72) - Are there any items in the cart? true
2023-10-23T23:55:53,685 [main] INFO  (CartPage.java:47) - Items in the cart: 1
2023-10-23T23:55:53,898 [main] INFO  (CartPage.java:60) - Checking if there are any items in the cart
2023-10-23T23:55:54,046 [main] INFO  (CartPage.java:72) - Are there any items in the cart? true
2023-10-23T23:55:54,247 [main] INFO  (CartPage.java:47) - Items in the cart: 1
2023-10-23T23:55:54,546 [main] INFO  (CartPage.java:60) - Checking if there are any items in the cart
2023-10-23T23:55:54,790 [main] INFO  (CartPage.java:72) - Are there any items in the cart? true
2023-10-23T23:55:54,976 [main] INFO  (CartPage.java:47) - Items in the cart: 1
2023-10-23T23:55:55,250 [main] INFO  (CartPage.java:60) - Checking if there are any items in the cart
2023-10-23T23:55:56,000 [main] INFO  (CartPage.java:72) - Are there any items in the cart? true
2023-10-23T23:55:56,500 [main] INFO  (CartPage.java:47) - Items in the cart: 1
2023-10-23T23:55:56,698 [main] INFO  (CartPage.java:60) - Checking if there are any items in the cart
2023-10-23T23:55:56,875 [main] INFO  (CartPage.java:72) - Are there any items in the cart? true
2023-10-23T23:55:58,816 [main] INFO  (CartPage.java:47) - Items in the cart: 1
2023-10-23T23:55:59,094 [main] INFO  (CartPage.java:60) - Checking if there are any items in the cart
2023-10-23T23:55:59,310 [main] INFO  (CartPage.java:72) - Are there any items in the cart? true
2023-10-23T23:55:59,443 [main] INFO  (CartPage.java:47) - Items in the cart: 1
2023-10-23T23:55:59,694 [main] INFO  (CartPage.java:60) - Checking if there are any items in the cart
2023-10-23T23:55:59,957 [main] INFO  (CartPage.java:72) - Are there any items in the cart? true
2023-10-23T23:56:00,110 [main] INFO  (CartPage.java:47) - Items in the cart: 1
2023-10-23T23:56:00,789 [main] INFO  (CartPage.java:60) - Checking if there are any items in the cart
2023-10-23T23:56:00,966 [main] INFO  (CartPage.java:72) - Are there any items in the cart? true
2023-10-23T23:56:01,079 [main] INFO  (CartPage.java:47) - Items in the cart: 1
2023-10-23T23:56:01,304 [main] INFO  (CartPage.java:60) - Checking if there are any items in the cart
2023-10-23T23:56:01,662 [main] INFO  (CartPage.java:72) - Are there any items in the cart? true
2023-10-23T23:56:01,746 [main] INFO  (CartPage.java:47) - Items in the cart: 1
2023-10-23T23:56:01,886 [main] INFO  (CartPage.java:60) - Checking if there are any items in the cart
2023-10-23T23:56:02,039 [main] INFO  (CartPage.java:72) - Are there any items in the cart? true
2023-10-23T23:56:02,111 [main] INFO  (CartPage.java:47) - Items in the cart: 1
2023-10-23T23:56:02,234 [main] INFO  (CartPage.java:60) - Checking if there are any items in the cart
2023-10-23T23:56:02,425 [main] INFO  (CartPage.java:72) - Are there any items in the cart? true
2023-10-23T23:56:02,507 [main] INFO  (CartPage.java:47) - Items in the cart: 1
2023-10-23T23:56:02,638 [main] INFO  (CartPage.java:60) - Checking if there are any items in the cart
2023-10-23T23:56:02,905 [main] INFO  (CartPage.java:72) - Are there any items in the cart? true
2023-10-23T23:56:03,031 [main] INFO  (CartPage.java:47) - Items in the cart: 1
2023-10-23T23:56:03,213 [main] INFO  (CartPage.java:60) - Checking if there are any items in the cart
2023-10-23T23:56:03,360 [main] INFO  (CartPage.java:72) - Are there any items in the cart? true
2023-10-23T23:56:03,437 [main] INFO  (CartPage.java:47) - Items in the cart: 1
2023-10-23T23:56:03,602 [main] INFO  (CartPage.java:60) - Checking if there are any items in the cart
2023-10-23T23:56:03,730 [main] INFO  (CartPage.java:72) - Are there any items in the cart? true
2023-10-23T23:56:03,821 [main] INFO  (CartPage.java:47) - Items in the cart: 1
2023-10-23T23:56:03,975 [main] INFO  (CartPage.java:60) - Checking if there are any items in the cart
2023-10-23T23:56:04,132 [main] INFO  (CartPage.java:72) - Are there any items in the cart? true
2023-10-23T23:56:04,221 [main] INFO  (CartPage.java:47) - Items in the cart: 1
2023-10-23T23:56:04,409 [main] INFO  (CartPage.java:60) - Checking if there are any items in the cart
2023-10-23T23:56:04,575 [main] INFO  (CartPage.java:72) - Are there any items in the cart? true
2023-10-23T23:56:04,651 [main] INFO  (CartPage.java:47) - Items in the cart: 1
2023-10-23T23:56:04,827 [main] INFO  (CartPage.java:60) - Checking if there are any items in the cart
2023-10-23T23:56:04,989 [main] INFO  (CartPage.java:72) - Are there any items in the cart? true
2023-10-23T23:56:05,093 [main] INFO  (CartPage.java:47) - Items in the cart: 1
2023-10-23T23:56:05,236 [main] INFO  (CartPage.java:60) - Checking if there are any items in the cart
2023-10-23T23:56:05,390 [main] INFO  (CartPage.java:72) - Are there any items in the cart? true
2023-10-23T23:56:05,456 [main] INFO  (CartPage.java:47) - Items in the cart: 1
2023-10-23T23:56:05,579 [main] INFO  (CartPage.java:60) - Checking if there are any items in the cart
2023-10-23T23:56:05,727 [main] INFO  (CartPage.java:72) - Are there any items in the cart? true
2023-10-23T23:56:05,817 [main] INFO  (CartPage.java:47) - Items in the cart: 1
2023-10-23T23:56:05,948 [main] INFO  (CartPage.java:60) - Checking if there are any items in the cart
2023-10-23T23:56:06,074 [main] INFO  (CartPage.java:72) - Are there any items in the cart? true
2023-10-23T23:56:06,125 [main] INFO  (CartPage.java:47) - Items in the cart: 1
2023-10-23T23:56:06,233 [main] INFO  (CartPage.java:60) - Checking if there are any items in the cart
2023-10-23T23:56:06,346 [main] INFO  (CartPage.java:72) - Are there any items in the cart? true
2023-10-23T23:56:06,385 [main] INFO  (CartPage.java:47) - Items in the cart: 1
2023-10-23T23:56:06,494 [main] INFO  (CartPage.java:60) - Checking if there are any items in the cart
2023-10-23T23:56:06,626 [main] INFO  (CartPage.java:72) - Are there any items in the cart? true
2023-10-23T23:56:06,699 [main] INFO  (CartPage.java:47) - Items in the cart: 1
2023-10-23T23:56:06,820 [main] INFO  (CartPage.java:60) - Checking if there are any items in the cart
2023-10-23T23:56:06,990 [main] INFO  (CartPage.java:72) - Are there any items in the cart? true
2023-10-23T23:56:07,089 [main] INFO  (CartPage.java:47) - Items in the cart: 1
2023-10-23T23:56:07,233 [main] INFO  (CartPage.java:60) - Checking if there are any items in the cart
2023-10-23T23:56:07,380 [main] INFO  (CartPage.java:72) - Are there any items in the cart? true
2023-10-23T23:56:07,445 [main] INFO  (CartPage.java:47) - Items in the cart: 1
2023-10-23T23:56:07,560 [main] INFO  (CartPage.java:60) - Checking if there are any items in the cart
2023-10-23T23:56:07,715 [main] INFO  (CartPage.java:72) - Are there any items in the cart? true
2023-10-23T23:56:07,784 [main] INFO  (CartPage.java:47) - Items in the cart: 1
2023-10-23T23:56:07,888 [main] INFO  (CartPage.java:60) - Checking if there are any items in the cart
2023-10-23T23:56:08,048 [main] INFO  (CartPage.java:72) - Are there any items in the cart? true
2023-10-23T23:56:08,122 [main] INFO  (CartPage.java:47) - Items in the cart: 1
2023-10-23T23:56:08,266 [main] INFO  (CartPage.java:60) - Checking if there are any items in the cart
2023-10-23T23:56:08,394 [main] INFO  (CartPage.java:72) - Are there any items in the cart? true
2023-10-23T23:56:08,470 [main] INFO  (CartPage.java:47) - Items in the cart: 1
2023-10-23T23:56:08,618 [main] INFO  (CartPage.java:60) - Checking if there are any items in the cart
2023-10-23T23:56:08,795 [main] INFO  (CartPage.java:72) - Are there any items in the cart? true
2023-10-23T23:56:08,873 [main] INFO  (CartPage.java:47) - Items in the cart: 1
2023-10-23T23:56:09,044 [main] INFO  (CartPage.java:60) - Checking if there are any items in the cart
2023-10-23T23:56:09,237 [main] INFO  (CartPage.java:72) - Are there any items in the cart? true
2023-10-23T23:56:09,327 [main] INFO  (CartPage.java:47) - Items in the cart: 1
2023-10-23T23:56:09,486 [main] INFO  (CartPage.java:60) - Checking if there are any items in the cart
2023-10-23T23:56:09,672 [main] INFO  (CartPage.java:72) - Are there any items in the cart? true
2023-10-23T23:56:09,785 [main] INFO  (CartPage.java:47) - Items in the cart: 1
2023-10-23T23:56:09,921 [main] INFO  (CartPage.java:60) - Checking if there are any items in the cart
2023-10-23T23:56:10,087 [main] INFO  (CartPage.java:72) - Are there any items in the cart? true
2023-10-23T23:56:10,170 [main] INFO  (CartPage.java:47) - Items in the cart: 1
2023-10-23T23:56:10,339 [main] INFO  (CartPage.java:60) - Checking if there are any items in the cart
2023-10-23T23:56:10,509 [main] INFO  (CartPage.java:72) - Are there any items in the cart? true
2023-10-23T23:56:10,585 [main] INFO  (CartPage.java:47) - Items in the cart: 1
2023-10-23T23:56:10,741 [main] INFO  (CartPage.java:60) - Checking if there are any items in the cart
2023-10-23T23:56:10,895 [main] INFO  (CartPage.java:72) - Are there any items in the cart? true
2023-10-23T23:56:10,973 [main] INFO  (CartPage.java:47) - Items in the cart: 1
2023-10-23T23:56:11,113 [main] INFO  (CartPage.java:60) - Checking if there are any items in the cart
2023-10-23T23:56:11,270 [main] INFO  (CartPage.java:72) - Are there any items in the cart? true
2023-10-23T23:56:11,362 [main] INFO  (CartPage.java:47) - Items in the cart: 1
2023-10-23T23:56:11,497 [main] INFO  (CartPage.java:60) - Checking if there are any items in the cart
2023-10-23T23:56:11,673 [main] INFO  (CartPage.java:72) - Are there any items in the cart? true
2023-10-23T23:56:11,743 [main] INFO  (CartPage.java:47) - Items in the cart: 1
2023-10-23T23:56:11,867 [main] INFO  (CartPage.java:60) - Checking if there are any items in the cart
2023-10-23T23:56:11,990 [main] INFO  (CartPage.java:72) - Are there any items in the cart? true
2023-10-23T23:56:12,073 [main] INFO  (CartPage.java:47) - Items in the cart: 1
2023-10-23T23:56:12,199 [main] INFO  (CartPage.java:60) - Checking if there are any items in the cart
2023-10-23T23:56:12,347 [main] INFO  (CartPage.java:72) - Are there any items in the cart? true
2023-10-23T23:56:12,412 [main] INFO  (CartPage.java:47) - Items in the cart: 1
2023-10-23T23:56:12,541 [main] INFO  (CartPage.java:60) - Checking if there are any items in the cart
2023-10-23T23:56:12,661 [main] INFO  (CartPage.java:72) - Are there any items in the cart? true
2023-10-23T23:56:12,721 [main] INFO  (CartPage.java:47) - Items in the cart: 1
2023-10-23T23:56:12,827 [main] INFO  (CartPage.java:60) - Checking if there are any items in the cart
2023-10-23T23:56:13,000 [main] INFO  (CartPage.java:72) - Are there any items in the cart? true
2023-10-23T23:56:13,068 [main] INFO  (CartPage.java:47) - Items in the cart: 1
2023-10-23T23:56:13,189 [main] INFO  (CartPage.java:60) - Checking if there are any items in the cart
2023-10-23T23:56:13,299 [main] INFO  (CartPage.java:72) - Are there any items in the cart? true
2023-10-23T23:56:13,376 [main] INFO  (CartPage.java:47) - Items in the cart: 1
2023-10-23T23:56:13,473 [main] INFO  (CartPage.java:60) - Checking if there are any items in the cart
2023-10-23T23:56:13,587 [main] INFO  (CartPage.java:72) - Are there any items in the cart? true
2023-10-23T23:56:13,659 [main] INFO  (CartPage.java:47) - Items in the cart: 1
2023-10-23T23:56:13,793 [main] INFO  (CartPage.java:60) - Checking if there are any items in the cart
2023-10-23T23:56:13,942 [main] INFO  (CartPage.java:72) - Are there any items in the cart? true
2023-10-23T23:56:14,018 [main] INFO  (CartPage.java:47) - Items in the cart: 1
2023-10-23T23:56:14,184 [main] INFO  (CartPage.java:60) - Checking if there are any items in the cart
2023-10-23T23:56:14,321 [main] INFO  (CartPage.java:72) - Are there any items in the cart? true
2023-10-23T23:56:14,395 [main] INFO  (CartPage.java:47) - Items in the cart: 1
2023-10-23T23:56:14,542 [main] INFO  (CartPage.java:60) - Checking if there are any items in the cart
2023-10-23T23:56:14,730 [main] INFO  (CartPage.java:72) - Are there any items in the cart? true
2023-10-23T23:56:14,816 [main] INFO  (CartPage.java:47) - Items in the cart: 1
2023-10-23T23:56:14,948 [main] INFO  (CartPage.java:60) - Checking if there are any items in the cart
2023-10-23T23:56:15,100 [main] INFO  (CartPage.java:72) - Are there any items in the cart? true
2023-10-23T23:56:15,160 [main] INFO  (CartPage.java:47) - Items in the cart: 1
2023-10-23T23:56:15,268 [main] INFO  (CartPage.java:60) - Checking if there are any items in the cart
2023-10-23T23:56:15,376 [main] INFO  (CartPage.java:72) - Are there any items in the cart? true
2023-10-23T23:56:15,453 [main] INFO  (CartPage.java:47) - Items in the cart: 1
2023-10-23T23:56:15,559 [main] INFO  (CartPage.java:60) - Checking if there are any items in the cart
2023-10-23T23:56:15,658 [main] INFO  (CartPage.java:72) - Are there any items in the cart? true
2023-10-23T23:56:15,704 [main] INFO  (CartPage.java:47) - Items in the cart: 1
2023-10-23T23:56:15,788 [main] INFO  (CartPage.java:60) - Checking if there are any items in the cart
2023-10-23T23:56:15,917 [main] INFO  (CartPage.java:72) - Are there any items in the cart? true
2023-10-23T23:56:15,957 [main] INFO  (CartPage.java:47) - Items in the cart: 1
2023-10-23T23:56:16,031 [main] INFO  (CartPage.java:60) - Checking if there are any items in the cart
2023-10-23T23:56:16,098 [main] INFO  (CartPage.java:72) - Are there any items in the cart? true
2023-10-23T23:56:16,168 [main] INFO  (CartPage.java:47) - Items in the cart: 1
2023-10-23T23:56:16,268 [main] INFO  (CartPage.java:60) - Checking if there are any items in the cart
2023-10-23T23:56:16,349 [main] INFO  (CartPage.java:72) - Are there any items in the cart? true
2023-10-23T23:56:16,403 [main] INFO  (CartPage.java:47) - Items in the cart: 1
2023-10-23T23:56:16,491 [main] INFO  (CartPage.java:60) - Checking if there are any items in the cart
2023-10-23T23:56:16,652 [main] INFO  (CartPage.java:72) - Are there any items in the cart? true
2023-10-23T23:56:16,694 [main] INFO  (CartPage.java:47) - Items in the cart: 1
2023-10-23T23:56:16,796 [main] INFO  (CartPage.java:60) - Checking if there are any items in the cart
2023-10-23T23:56:16,923 [main] INFO  (CartPage.java:72) - Are there any items in the cart? true
2023-10-23T23:56:16,965 [main] INFO  (CartPage.java:47) - Items in the cart: 1
2023-10-23T23:56:17,041 [main] INFO  (CartPage.java:60) - Checking if there are any items in the cart
2023-10-23T23:56:17,105 [main] INFO  (CartPage.java:72) - Are there any items in the cart? true
2023-10-23T23:56:17,169 [main] INFO  (CartPage.java:47) - Items in the cart: 1
2023-10-23T23:56:17,237 [main] INFO  (CartPage.java:60) - Checking if there are any items in the cart
2023-10-23T23:56:17,357 [main] INFO  (CartPage.java:72) - Are there any items in the cart? true
2023-10-23T23:56:17,423 [main] INFO  (CartPage.java:47) - Items in the cart: 1
2023-10-23T23:56:17,535 [main] INFO  (CartPage.java:60) - Checking if there are any items in the cart
2023-10-23T23:56:17,666 [main] INFO  (CartPage.java:72) - Are there any items in the cart? true
2023-10-23T23:56:17,718 [main] INFO  (CartPage.java:47) - Items in the cart: 1
2023-10-23T23:56:17,785 [main] INFO  (CartPage.java:60) - Checking if there are any items in the cart
2023-10-23T23:56:17,852 [main] INFO  (CartPage.java:72) - Are there any items in the cart? true
2023-10-23T23:56:17,943 [main] INFO  (CartPage.java:47) - Items in the cart: 1
2023-10-23T23:56:18,040 [main] INFO  (CartPage.java:60) - Checking if there are any items in the cart
2023-10-23T23:56:18,120 [main] INFO  (CartPage.java:72) - Are there any items in the cart? true
2023-10-23T23:56:18,192 [main] INFO  (CartPage.java:47) - Items in the cart: 1
2023-10-23T23:56:18,269 [main] INFO  (CartPage.java:60) - Checking if there are any items in the cart
2023-10-23T23:56:18,342 [main] INFO  (CartPage.java:72) - Are there any items in the cart? true
2023-10-23T23:56:18,392 [main] INFO  (CartPage.java:47) - Items in the cart: 1
2023-10-23T23:56:18,498 [main] INFO  (CartPage.java:60) - Checking if there are any items in the cart
2023-10-23T23:56:18,626 [main] INFO  (CartPage.java:72) - Are there any items in the cart? true
2023-10-23T23:56:18,675 [main] INFO  (CartPage.java:47) - Items in the cart: 1
2023-10-23T23:56:18,794 [main] INFO  (CartPage.java:60) - Checking if there are any items in the cart
2023-10-23T23:56:18,931 [main] INFO  (CartPage.java:72) - Are there any items in the cart? true
2023-10-23T23:56:18,973 [main] INFO  (CartPage.java:47) - Items in the cart: 1
2023-10-23T23:56:19,068 [main] INFO  (CartPage.java:60) - Checking if there are any items in the cart
2023-10-23T23:56:19,182 [main] INFO  (CartPage.java:72) - Are there any items in the cart? true
2023-10-23T23:56:19,223 [main] INFO  (CartPage.java:47) - Items in the cart: 1
2023-10-23T23:56:19,330 [main] INFO  (CartPage.java:60) - Checking if there are any items in the cart
2023-10-23T23:56:19,465 [main] INFO  (CartPage.java:72) - Are there any items in the cart? true
2023-10-23T23:56:19,514 [main] INFO  (CartPage.java:47) - Items in the cart: 1
2023-10-23T23:56:19,581 [main] INFO  (CartPage.java:60) - Checking if there are any items in the cart
2023-10-23T23:56:19,728 [main] INFO  (CartPage.java:72) - Are there any items in the cart? true
2023-10-23T23:56:19,778 [main] INFO  (CartPage.java:47) - Items in the cart: 1
2023-10-23T23:56:19,881 [main] INFO  (CartPage.java:60) - Checking if there are any items in the cart
2023-10-23T23:56:20,001 [main] INFO  (CartPage.java:72) - Are there any items in the cart? true
2023-10-23T23:56:20,048 [main] INFO  (CartPage.java:47) - Items in the cart: 1
2023-10-23T23:56:20,125 [main] INFO  (CartPage.java:60) - Checking if there are any items in the cart
2023-10-23T23:56:20,240 [main] INFO  (CartPage.java:72) - Are there any items in the cart? true
2023-10-23T23:56:20,290 [main] INFO  (CartPage.java:47) - Items in the cart: 1
2023-10-23T23:56:20,357 [main] INFO  (CartPage.java:60) - Checking if there are any items in the cart
2023-10-23T23:56:20,423 [main] INFO  (CartPage.java:72) - Are there any items in the cart? true
2023-10-23T23:56:20,489 [main] INFO  (CartPage.java:47) - Items in the cart: 1
2023-10-23T23:56:20,585 [main] INFO  (CartPage.java:60) - Checking if there are any items in the cart
2023-10-23T23:56:20,694 [main] INFO  (CartPage.java:72) - Are there any items in the cart? true
2023-10-23T23:56:20,762 [main] INFO  (CartPage.java:47) - Items in the cart: 1
2023-10-23T23:56:20,847 [main] INFO  (CartPage.java:60) - Checking if there are any items in the cart
2023-10-23T23:56:20,943 [main] INFO  (CartPage.java:72) - Are there any items in the cart? true
2023-10-23T23:56:21,020 [main] INFO  (CartPage.java:47) - Items in the cart: 1
2023-10-23T23:56:21,105 [main] INFO  (CartPage.java:60) - Checking if there are any items in the cart
2023-10-23T23:56:21,213 [main] INFO  (CartPage.java:72) - Are there any items in the cart? true
2023-10-23T23:56:21,255 [main] INFO  (CartPage.java:47) - Items in the cart: 1
2023-10-23T23:56:21,331 [main] INFO  (CartPage.java:60) - Checking if there are any items in the cart
2023-10-23T23:56:21,456 [main] INFO  (CartPage.java:72) - Are there any items in the cart? true
2023-10-23T23:56:21,515 [main] INFO  (CartPage.java:47) - Items in the cart: 1
2023-10-23T23:56:21,612 [main] INFO  (CartPage.java:60) - Checking if there are any items in the cart
2023-10-23T23:56:21,726 [main] INFO  (CartPage.java:72) - Are there any items in the cart? true
2023-10-23T23:56:21,766 [main] INFO  (CartPage.java:47) - Items in the cart: 1
2023-10-23T23:56:21,889 [main] INFO  (CartPage.java:60) - Checking if there are any items in the cart
2023-10-23T23:56:22,042 [main] INFO  (CartPage.java:72) - Are there any items in the cart? true
2023-10-23T23:56:22,115 [main] INFO  (CartPage.java:47) - Items in the cart: 1
2023-10-23T23:56:22,213 [main] INFO  (CartPage.java:60) - Checking if there are any items in the cart
2023-10-23T23:56:22,300 [main] INFO  (CartPage.java:72) - Are there any items in the cart? true
2023-10-23T23:56:22,352 [main] INFO  (CartPage.java:47) - Items in the cart: 1
2023-10-23T23:56:22,421 [main] INFO  (CartPage.java:60) - Checking if there are any items in the cart
2023-10-23T23:56:22,540 [main] INFO  (CartPage.java:72) - Are there any items in the cart? true
2023-10-23T23:56:22,588 [main] INFO  (CartPage.java:47) - Items in the cart: 1
2023-10-23T23:56:22,658 [main] INFO  (CartPage.java:60) - Checking if there are any items in the cart
2023-10-23T23:56:22,780 [main] INFO  (CartPage.java:72) - Are there any items in the cart? true
2023-10-23T23:56:22,825 [main] INFO  (CartPage.java:47) - Items in the cart: 1
2023-10-23T23:56:22,892 [main] INFO  (CartPage.java:60) - Checking if there are any items in the cart
2023-10-23T23:56:23,010 [main] INFO  (CartPage.java:72) - Are there any items in the cart? true
2023-10-23T23:56:23,052 [main] INFO  (CartPage.java:47) - Items in the cart: 1
2023-10-23T23:56:23,125 [main] INFO  (CartPage.java:60) - Checking if there are any items in the cart
2023-10-23T23:56:23,249 [main] INFO  (CartPage.java:72) - Are there any items in the cart? true
2023-10-23T23:56:23,308 [main] INFO  (CartPage.java:47) - Items in the cart: 1
2023-10-23T23:56:23,374 [main] INFO  (CartPage.java:60) - Checking if there are any items in the cart
2023-10-23T23:56:23,505 [main] INFO  (CartPage.java:72) - Are there any items in the cart? true
2023-10-23T23:56:23,565 [main] INFO  (CartPage.java:47) - Items in the cart: 1
2023-10-23T23:56:23,660 [main] INFO  (CartPage.java:60) - Checking if there are any items in the cart
2023-10-23T23:56:23,748 [main] INFO  (CartPage.java:72) - Are there any items in the cart? true
2023-10-23T23:56:23,791 [main] INFO  (CartPage.java:47) - Items in the cart: 1
2023-10-23T23:56:23,858 [main] INFO  (CartPage.java:60) - Checking if there are any items in the cart
2023-10-23T23:56:23,990 [main] INFO  (CartPage.java:72) - Are there any items in the cart? true
2023-10-23T23:56:24,035 [main] INFO  (CartPage.java:47) - Items in the cart: 1
2023-10-23T23:56:24,102 [main] INFO  (CartPage.java:60) - Checking if there are any items in the cart
2023-10-23T23:56:24,167 [main] INFO  (CartPage.java:72) - Are there any items in the cart? true
2023-10-23T23:56:24,222 [main] INFO  (CartPage.java:47) - Items in the cart: 1
2023-10-23T23:56:24,296 [main] INFO  (CartPage.java:60) - Checking if there are any items in the cart
2023-10-23T23:56:24,367 [main] INFO  (CartPage.java:72) - Are there any items in the cart? true
2023-10-23T23:56:24,426 [main] INFO  (CartPage.java:47) - Items in the cart: 1
2023-10-23T23:56:24,532 [main] INFO  (CartPage.java:60) - Checking if there are any items in the cart
2023-10-23T23:56:24,657 [main] INFO  (CartPage.java:72) - Are there any items in the cart? true
2023-10-23T23:56:24,725 [main] INFO  (CartPage.java:47) - Items in the cart: 1
2023-10-23T23:56:24,825 [main] INFO  (CartPage.java:60) - Checking if there are any items in the cart
2023-10-23T23:56:24,995 [main] INFO  (CartPage.java:72) - Are there any items in the cart? true
2023-10-23T23:56:25,062 [main] INFO  (CartPage.java:47) - Items in the cart: 1
2023-10-23T23:56:25,155 [main] INFO  (CartPage.java:60) - Checking if there are any items in the cart
2023-10-23T23:56:25,265 [main] INFO  (CartPage.java:72) - Are there any items in the cart? true
2023-10-23T23:56:25,324 [main] INFO  (CartPage.java:47) - Items in the cart: 1
2023-10-23T23:56:25,419 [main] INFO  (CartPage.java:60) - Checking if there are any items in the cart
2023-10-23T23:56:25,538 [main] INFO  (CartPage.java:72) - Are there any items in the cart? true
2023-10-23T23:56:25,586 [main] INFO  (CartPage.java:47) - Items in the cart: 1
2023-10-23T23:56:25,667 [main] INFO  (CartPage.java:60) - Checking if there are any items in the cart
2023-10-23T23:56:25,734 [main] INFO  (CartPage.java:72) - Are there any items in the cart? true
2023-10-23T23:56:25,802 [main] INFO  (CartPage.java:47) - Items in the cart: 1
2023-10-23T23:56:25,895 [main] INFO  (CartPage.java:60) - Checking if there are any items in the cart
2023-10-23T23:56:25,963 [main] INFO  (CartPage.java:72) - Are there any items in the cart? true
2023-10-23T23:56:26,012 [main] INFO  (CartPage.java:47) - Items in the cart: 1
2023-10-23T23:56:26,104 [main] INFO  (CartPage.java:60) - Checking if there are any items in the cart
2023-10-23T23:56:26,191 [main] INFO  (CartPage.java:72) - Are there any items in the cart? true
2023-10-23T23:56:26,281 [main] INFO  (CartPage.java:47) - Items in the cart: 1
2023-10-23T23:56:26,395 [main] INFO  (CartPage.java:60) - Checking if there are any items in the cart
2023-10-23T23:56:26,506 [main] INFO  (CartPage.java:72) - Are there any items in the cart? true
2023-10-23T23:56:26,575 [main] INFO  (CartPage.java:47) - Items in the cart: 1
2023-10-23T23:56:26,674 [main] INFO  (CartPage.java:60) - Checking if there are any items in the cart
2023-10-23T23:56:26,764 [main] INFO  (CartPage.java:72) - Are there any items in the cart? true
2023-10-23T23:56:26,817 [main] INFO  (CartPage.java:47) - Items in the cart: 1
2023-10-23T23:56:26,907 [main] INFO  (CartPage.java:60) - Checking if there are any items in the cart
2023-10-23T23:56:27,037 [main] INFO  (CartPage.java:72) - Are there any items in the cart? true
2023-10-23T23:56:27,095 [main] INFO  (CartPage.java:47) - Items in the cart: 1
2023-10-23T23:56:27,188 [main] INFO  (CartPage.java:60) - Checking if there are any items in the cart
2023-10-23T23:56:27,276 [main] INFO  (CartPage.java:72) - Are there any items in the cart? true
2023-10-23T23:56:27,329 [main] INFO  (CartPage.java:47) - Items in the cart: 1
2023-10-23T23:56:27,422 [main] INFO  (CartPage.java:60) - Checking if there are any items in the cart
2023-10-23T23:56:27,556 [main] INFO  (CartPage.java:72) - Are there any items in the cart? true
2023-10-23T23:56:27,622 [main] ERROR (CartPage.java:75) - No items in the cart: org.openqa.selenium.WebDriverException: java.net.ConnectException: Failed to connect to localhost/127.0.0.1:3820
Build info: version: '3.141.59', revision: 'e82be7d358', time: '2018-11-14T08:17:03'
System info: host: 'fabio-laptop', ip: '127.0.1.1', os.name: 'Linux', os.arch: 'amd64', os.version: '6.2.0-35-generic', java.version: '11.0.20.1'
Driver info: driver.version: RemoteWebDriver
2023-10-23T23:56:27,622 [main] INFO  (CartPage.java:77) - Are there any items in the cart? false (Exception)
2023-10-23T23:56:27,623 [main] INFO  (CartPage.java:60) - Checking if there are any items in the cart
