2023-10-24T00:03:45,570 [main] INFO  (BaseTest.java:44) - Opening browser chrome
2023-10-24T00:03:51,498 [main] INFO  (BaseTest.java:50) - Navigate to https://www.demoblaze.com
2023-10-24T00:03:57,745 [main] INFO  (LaptopsPage.java:32) - Clicking on first item:Sony vaio i5
2023-10-24T00:04:03,613 [main] INFO  (BaseTest.java:87) - Closing the driver
2023-10-24T00:05:10,444 [main] INFO  (BaseTest.java:44) - Opening browser chrome
2023-10-24T00:05:12,946 [main] INFO  (BaseTest.java:50) - Navigate to https://www.demoblaze.com
2023-10-24T00:05:19,176 [main] INFO  (LaptopsPage.java:32) - Clicking on first item:Sony vaio i5
2023-10-24T00:05:27,565 [main] INFO  (BaseTest.java:87) - Closing the driver
2023-10-24T00:07:57,373 [main] INFO  (BaseTest.java:44) - Opening browser chrome
2023-10-24T00:08:09,106 [main] INFO  (BaseTest.java:50) - Navigate to https://www.demoblaze.com
2023-10-24T00:08:21,178 [main] INFO  (BaseTest.java:87) - Closing the driver
2023-10-24T00:12:00,278 [main] INFO  (BaseTest.java:44) - Opening browser chrome
2023-10-24T00:12:03,546 [main] INFO  (BaseTest.java:50) - Navigate to https://www.demoblaze.com
2023-10-24T00:12:08,942 [main] INFO  (MenuPage.java:41) - Log out button is displayed before wait: true
2023-10-24T00:12:09,179 [main] INFO  (MenuPage.java:44) - Log out button is displayed after wait: true
2023-10-24T00:12:12,209 [main] INFO  (BaseTest.java:87) - Closing the driver
2023-10-24T00:12:14,246 [main] INFO  (BaseTest.java:44) - Opening browser chrome
2023-10-24T00:12:19,423 [main] INFO  (BaseTest.java:50) - Navigate to https://www.demoblaze.com
2023-10-24T00:12:27,474 [main] INFO  (BaseTest.java:87) - Closing the driver
2023-10-24T00:12:29,154 [main] INFO  (BaseTest.java:44) - Opening browser chrome
2023-10-24T00:12:33,616 [main] INFO  (BaseTest.java:50) - Navigate to https://www.demoblaze.com
2023-10-24T00:12:39,353 [main] INFO  (LaptopsPage.java:32) - Clicking on first item:Sony vaio i5
2023-10-24T00:12:47,892 [main] INFO  (BaseTest.java:87) - Closing the driver
2023-10-24T00:13:45,275 [main] INFO  (BaseTest.java:44) - Opening browser chrome
2023-10-24T00:13:48,397 [main] INFO  (BaseTest.java:50) - Navigate to https://www.demoblaze.com
2023-10-24T00:13:57,178 [main] INFO  (MenuPage.java:41) - Log out button is displayed before wait: true
2023-10-24T00:13:57,364 [main] INFO  (MenuPage.java:44) - Log out button is displayed after wait: true
2023-10-24T00:13:59,794 [main] INFO  (BaseTest.java:87) - Closing the driver
2023-10-24T00:14:01,592 [main] INFO  (BaseTest.java:44) - Opening browser chrome
2023-10-24T00:14:05,317 [main] INFO  (BaseTest.java:50) - Navigate to https://www.demoblaze.com
2023-10-24T00:14:14,166 [main] INFO  (BaseTest.java:87) - Closing the driver
2023-10-24T00:14:15,420 [main] INFO  (BaseTest.java:44) - Opening browser chrome
2023-10-24T00:14:19,965 [main] INFO  (BaseTest.java:50) - Navigate to https://www.demoblaze.com
2023-10-24T00:14:25,771 [main] INFO  (LaptopsPage.java:32) - Clicking on first item:Sony vaio i5
2023-10-24T00:14:35,206 [main] INFO  (BaseTest.java:87) - Closing the driver
2023-10-24T18:19:28,760 [main] INFO  (BaseTest.java:44) - Opening browser chrome
2023-10-24T18:19:34,055 [main] INFO  (BaseTest.java:50) - Navigate to https://www.demoblaze.com
2023-10-24T18:20:00,935 [main] INFO  (BaseTest.java:87) - Closing the driver
2023-10-24T18:20:30,565 [main] INFO  (BaseTest.java:44) - Opening browser chrome
2023-10-24T18:20:33,062 [main] INFO  (BaseTest.java:50) - Navigate to https://www.demoblaze.com
2023-10-24T18:21:02,980 [main] INFO  (BaseTest.java:87) - Closing the driver
2023-10-24T18:22:13,145 [main] INFO  (BaseTest.java:44) - Opening browser chrome
2023-10-24T18:22:16,245 [main] INFO  (BaseTest.java:50) - Navigate to https://www.demoblaze.com
2023-10-24T18:22:46,127 [main] INFO  (BaseTest.java:87) - Closing the driver
2023-10-24T18:23:35,959 [main] INFO  (BaseTest.java:44) - Opening browser chrome
2023-10-24T18:23:38,133 [main] INFO  (BaseTest.java:50) - Navigate to https://www.demoblaze.com
2023-10-24T18:23:45,328 [main] INFO  (LaptopsPage.java:32) - Clicking on first item:Sony vaio i5
2023-10-24T18:23:52,658 [main] INFO  (CartPage.java:62) - Checking if there are any items in the cart
2023-10-24T18:23:53,073 [main] INFO  (CartPage.java:74) - Are there any items in the cart? true
2023-10-24T18:23:57,186 [main] INFO  (BaseTest.java:87) - Closing the driver
2023-10-24T18:26:49,174 [main] INFO  (BaseTest.java:44) - Opening browser chrome
2023-10-24T18:26:51,186 [main] INFO  (BaseTest.java:50) - Navigate to https://www.demoblaze.com
2023-10-24T18:26:58,295 [main] INFO  (LaptopsPage.java:32) - Clicking on first item:Sony vaio i5
2023-10-24T18:27:04,020 [main] INFO  (CartPage.java:62) - Checking if there are any items in the cart
2023-10-24T18:27:04,194 [main] INFO  (CartPage.java:74) - Are there any items in the cart? true
2023-10-24T18:27:07,048 [main] INFO  (BaseTest.java:87) - Closing the driver
2023-10-24T18:29:33,313 [main] INFO  (BaseTest.java:44) - Opening browser chrome
2023-10-24T18:29:35,402 [main] INFO  (BaseTest.java:50) - Navigate to https://www.demoblaze.com
2023-10-24T18:29:42,213 [main] INFO  (LaptopsPage.java:32) - Clicking on first item:Sony vaio i5
2023-10-24T18:29:47,530 [main] INFO  (CartPage.java:62) - Checking if there are any items in the cart
2023-10-24T18:29:47,750 [main] INFO  (CartPage.java:74) - Are there any items in the cart? true
2023-10-24T18:29:50,977 [main] INFO  (BaseTest.java:87) - Closing the driver
2023-10-24T18:34:51,297 [main] INFO  (BaseTest.java:44) - Opening browser chrome
2023-10-24T18:34:53,467 [main] INFO  (BaseTest.java:50) - Navigate to https://www.demoblaze.com
2023-10-24T18:35:01,122 [main] INFO  (LaptopsPage.java:32) - Clicking on first item:Sony vaio i5
2023-10-24T18:35:07,776 [main] INFO  (CartPage.java:62) - Checking if there are any items in the cart
2023-10-24T18:35:07,984 [main] INFO  (CartPage.java:73) - Are there any items in the cart? true
2023-10-24T18:35:10,661 [main] INFO  (BaseTest.java:87) - Closing the driver
2023-10-24T18:43:44,729 [main] INFO  (BaseTest.java:44) - Opening browser chrome
2023-10-24T18:43:46,592 [main] INFO  (BaseTest.java:50) - Navigate to https://www.demoblaze.com
2023-10-24T18:43:53,667 [main] INFO  (BaseTest.java:87) - Closing the driver
2023-10-24T18:44:11,992 [main] INFO  (BaseTest.java:44) - Opening browser chrome
2023-10-24T18:44:13,953 [main] INFO  (BaseTest.java:50) - Navigate to https://www.demoblaze.com
2023-10-24T18:44:20,899 [main] INFO  (LaptopsPage.java:32) - Clicking on first item:Sony vaio i5
2023-10-24T18:44:26,315 [main] INFO  (CartPage.java:62) - Checking if there are any items in the cart
2023-10-24T18:44:29,903 [main] INFO  (BaseTest.java:87) - Closing the driver
2023-10-24T18:49:31,427 [main] INFO  (BaseTest.java:44) - Opening browser chrome
2023-10-24T18:49:33,433 [main] INFO  (BaseTest.java:50) - Navigate to https://www.demoblaze.com
2023-10-24T18:49:40,487 [main] INFO  (LaptopsPage.java:32) - Clicking on first item:Sony vaio i5
2023-10-24T18:49:45,874 [main] INFO  (CartPage.java:87) - Checking if there are any items in the cart
2023-10-24T18:49:46,105 [main] INFO  (CartPage.java:93) - Are there any items in the cart? true
2023-10-24T18:49:49,209 [main] INFO  (BaseTest.java:87) - Closing the driver
2023-10-24T18:50:51,660 [main] INFO  (BaseTest.java:44) - Opening browser chrome
2023-10-24T18:50:53,871 [main] INFO  (BaseTest.java:50) - Navigate to https://www.demoblaze.com
2023-10-24T18:51:00,147 [main] INFO  (LaptopsPage.java:32) - Clicking on first item:Sony vaio i5
2023-10-24T18:51:05,243 [main] INFO  (CartPage.java:87) - Checking if there are any items in the cart
2023-10-24T18:51:05,445 [main] INFO  (CartPage.java:93) - Are there any items in the cart? true
2023-10-24T18:51:08,670 [main] INFO  (BaseTest.java:87) - Closing the driver
2023-10-24T18:55:01,923 [main] INFO  (BaseTest.java:44) - Opening browser chrome
2023-10-24T18:55:03,793 [main] INFO  (BaseTest.java:50) - Navigate to https://www.demoblaze.com
2023-10-24T18:55:10,968 [main] INFO  (LaptopsPage.java:32) - Clicking on first item:Sony vaio i5
2023-10-24T18:55:16,052 [main] INFO  (CartPage.java:87) - Checking if there are any items in the cart
2023-10-24T18:55:16,275 [main] INFO  (CartPage.java:93) - Are there any items in the cart? false
2023-10-24T18:55:18,508 [main] INFO  (BaseTest.java:87) - Closing the driver
2023-10-24T18:56:27,766 [main] INFO  (BaseTest.java:44) - Opening browser chrome
2023-10-24T18:56:29,569 [main] INFO  (BaseTest.java:50) - Navigate to https://www.demoblaze.com
2023-10-24T18:56:35,947 [main] INFO  (LaptopsPage.java:32) - Clicking on first item:Sony vaio i5
2023-10-24T18:56:41,214 [main] INFO  (CartPage.java:62) - Checking if there are any items in the cart
2023-10-24T18:56:41,356 [main] INFO  (CartPage.java:73) - Are there any items in the cart? false
2023-10-24T18:56:43,529 [main] INFO  (BaseTest.java:87) - Closing the driver
2023-10-24T19:03:22,887 [main] INFO  (BaseTest.java:44) - Opening browser chrome
2023-10-24T19:03:24,525 [main] INFO  (BaseTest.java:50) - Navigate to https://www.demoblaze.com
2023-10-24T19:03:31,280 [main] INFO  (LaptopsPage.java:32) - Clicking on first item:Sony vaio i5
2023-10-24T19:03:39,162 [main] INFO  (BaseTest.java:87) - Closing the driver
2023-10-24T19:05:06,725 [main] INFO  (BaseTest.java:44) - Opening browser chrome
2023-10-24T19:05:08,621 [main] INFO  (BaseTest.java:50) - Navigate to https://www.demoblaze.com
2023-10-24T19:05:15,234 [main] INFO  (LaptopsPage.java:32) - Clicking on first item:Sony vaio i5
2023-10-24T19:05:24,717 [main] INFO  (BaseTest.java:87) - Closing the driver
2023-10-24T22:49:18,580 [main] INFO  (BaseTest.java:44) - Opening browser chrome
2023-10-24T22:49:25,166 [main] INFO  (BaseTest.java:50) - Navigate to https://www.demoblaze.com
2023-10-24T22:49:33,060 [main] INFO  (LaptopsPage.java:32) - Clicking on first item:Sony vaio i5
2023-10-24T22:49:44,465 [main] INFO  (BaseTest.java:87) - Closing the driver
2023-10-24T23:03:17,268 [main] INFO  (BaseTest.java:44) - Opening browser chrome
2023-10-24T23:03:20,338 [main] INFO  (BaseTest.java:50) - Navigate to https://www.demoblaze.com
2023-10-24T23:03:28,795 [main] INFO  (LaptopsPage.java:32) - Clicking on first item:Sony vaio i5
2023-10-24T23:03:41,157 [main] INFO  (BaseTest.java:87) - Closing the driver
